\BOOKMARK [0][-]{chapter.1}{Preliminares}{}% 1
\BOOKMARK [1][-]{section.1.1}{Mec\341nica Estad\355stica}{chapter.1}% 2
\BOOKMARK [2][-]{subsection.1.1.1}{Teorma de Liouville }{section.1.1}% 3
\BOOKMARK [2][-]{subsection.1.1.2}{Consecuencias del Teorema de Liouville}{section.1.1}% 4
\BOOKMARK [2][-]{subsection.1.1.3}{Ensamble Can\363nico}{section.1.1}% 5
\BOOKMARK [2][-]{subsection.1.1.4}{Ergodicidad}{section.1.1}% 6
\BOOKMARK [1][-]{section.1.2}{Herramientas de la Teor\355a Cu\341ntica}{chapter.1}% 7
\BOOKMARK [2][-]{subsection.1.2.1}{Operador de Densidad}{section.1.2}% 8
\BOOKMARK [2][-]{subsection.1.2.2}{Operador de Densidad Reducido}{section.1.2}% 9
\BOOKMARK [2][-]{subsection.1.2.3}{Distancia de Traza}{section.1.2}% 10
\BOOKMARK [0][-]{chapter.2}{Introducci\363n}{}% 11
\BOOKMARK [1][-]{section.2.1}{Recuento Hist\363rico}{chapter.2}% 12
\BOOKMARK [1][-]{section.2.2}{Teor\355a Cin\351tica}{chapter.2}% 13
\BOOKMARK [1][-]{section.2.3}{Mec\341nica Estad\355stica Actual}{chapter.2}% 14
\BOOKMARK [0][-]{chapter.3}{El Entrelazamiento y La Mec\341nica Estad\355stica}{}% 15
\BOOKMARK [1][-]{subsection.3.0.1}{Definiciones}{chapter.3}% 16
\BOOKMARK [1][-]{section.3.1}{Idea Conceptual}{chapter.3}% 17
\BOOKMARK [1][-]{section.3.2}{Formulaci\363n Matem\341tica}{chapter.3}% 18
\BOOKMARK [2][-]{subsection.3.2.1}{Lema de Levy}{section.3.2}% 19
\BOOKMARK [2][-]{subsection.3.2.2}{Demonstraci\363n del Principio General Can\363nico}{section.3.2}% 20
\BOOKMARK [1][-]{section.3.3}{Significado F\355sico}{chapter.3}% 21
\BOOKMARK [0][-]{chapter.4}{Evoluci\363n Hacia El Equilibrio}{}% 22
\BOOKMARK [1][-]{section.4.1}{Especificaci\363n del Equilibrio}{chapter.4}% 23
\BOOKMARK [1][-]{section.4.2}{Equilibraci\363n}{chapter.4}% 24
\BOOKMARK [0][-]{appendix*.2}{Bibliograf\355a}{}% 25
